                                 Started job on |	Mar 25 14:47:59
                             Started mapping on |	Mar 25 14:48:02
                                    Finished on |	Mar 25 14:49:02
       Mapping speed, Million of reads per hour |	4.08

                          Number of input reads |	67961
                      Average input read length |	189
                                    UNIQUE READS:
                   Uniquely mapped reads number |	56795
                        Uniquely mapped reads % |	83.57%
                          Average mapped length |	188.08
                       Number of splices: Total |	14381
            Number of splices: Annotated (sjdb) |	0
                       Number of splices: GT/AG |	13807
                       Number of splices: GC/AG |	425
                       Number of splices: AT/AC |	25
               Number of splices: Non-canonical |	124
                      Mismatch rate per base, % |	0.24%
                         Deletion rate per base |	0.01%
                        Deletion average length |	1.48
                        Insertion rate per base |	0.01%
                       Insertion average length |	1.65
                             MULTI-MAPPING READS:
        Number of reads mapped to multiple loci |	1785
             % of reads mapped to multiple loci |	2.63%
        Number of reads mapped to too many loci |	2
             % of reads mapped to too many loci |	0.00%
                                  UNMAPPED READS:
  Number of reads unmapped: too many mismatches |	0
       % of reads unmapped: too many mismatches |	0.00%
            Number of reads unmapped: too short |	9370
                 % of reads unmapped: too short |	13.79%
                Number of reads unmapped: other |	9
                     % of reads unmapped: other |	0.01%
                                  CHIMERIC READS:
                       Number of chimeric reads |	0
                            % of chimeric reads |	0.00%
