STAR version=2.7.7a
STAR compilation time,server,dir=Mon Dec 28 13:38:40 EST 2020 vega:/home/dobin/data/STAR/STARcode/STAR.master/source
##### Command Line:
STAR --runThreadN 6 --genomeDir testout/testindex --readFilesIn data/reads_1.fastq data/reads_2.fastq
##### Initial USER parameters from Command Line:
###### All USER parameters from Command Line:
runThreadN                    6     ~RE-DEFINED
genomeDir                     testout/testindex     ~RE-DEFINED
readFilesIn                   data/reads_1.fastq   data/reads_2.fastq        ~RE-DEFINED
##### Finished reading parameters from all sources

##### Final user re-defined parameters-----------------:
runThreadN                        6
genomeDir                         testout/testindex
readFilesIn                       data/reads_1.fastq   data/reads_2.fastq   

-------------------------------
##### Final effective command line:
STAR   --runThreadN 6   --genomeDir testout/testindex   --readFilesIn data/reads_1.fastq   data/reads_2.fastq   
----------------------------------------

Number of fastq files for each mate = 1
Finished loading and checking parameters
Reading genome generation parameters:
### STAR   --runMode genomeGenerate   --runThreadN 6   --genomeDir testout/testindex   --genomeFastaFiles data/refdata/Homo_sapiens.GRCh38.dna_rm.chromosome.21.fa   
### GstrandBit=32
versionGenome                 2.7.4a     ~RE-DEFINED
genomeType                    Full     ~RE-DEFINED
genomeFastaFiles              data/refdata/Homo_sapiens.GRCh38.dna_rm.chromosome.21.fa        ~RE-DEFINED
genomeSAindexNbases           14     ~RE-DEFINED
genomeChrBinNbits             18     ~RE-DEFINED
genomeSAsparseD               1     ~RE-DEFINED
genomeTransformType           None     ~RE-DEFINED
genomeTransformVCF            -     ~RE-DEFINED
sjdbOverhang                  0     ~RE-DEFINED
sjdbFileChrStartEnd           -        ~RE-DEFINED
sjdbGTFfile                   -     ~RE-DEFINED
sjdbGTFchrPrefix              -     ~RE-DEFINED
sjdbGTFfeatureExon            exon     ~RE-DEFINED
sjdbGTFtagExonParentTranscripttranscript_id     ~RE-DEFINED
sjdbGTFtagExonParentGene      gene_id     ~RE-DEFINED
sjdbInsertSave                Basic     ~RE-DEFINED
genomeFileSizes               46923776   153429816        ~RE-DEFINED
Genome version is compatible with current STAR
Number of real (reference) chromosomes= 1
1	21	46709983	0
Started loading the genome: Thu Mar 25 14:47:59 2021

Genome: size given as a parameter = 46923776
SA: size given as a parameter = 153429816
SAindex: size given as a parameter = 1
Read from SAindex: pGe.gSAindexNbases=14  nSAi=357913940
nGenome=46923776;  nSAbyte=153429816
GstrandBit=32   SA number of indices=37195106
Shared memory is not used for genomes. Allocated a private copy of the genome.
Genome file size: 46923776 bytes; state: good=1 eof=0 fail=0 bad=0
Loading Genome ... done! state: good=1 eof=0 fail=0 bad=0; loaded 46923776 bytes
SA file size: 153429816 bytes; state: good=1 eof=0 fail=0 bad=0
Loading SA ... done! state: good=1 eof=0 fail=0 bad=0; loaded 153429816 bytes
Loading SAindex ... done: 1565873619 bytes
Finished loading the genome: Thu Mar 25 14:48:02 2021

alignIntronMax=alignMatesGapMax=0, the max intron size will be approximately determined by (2^winBinNbits)*winAnchorDistNbins=589824
Created thread # 1
Created thread # 2
Created thread # 3
Created thread # 4
Created thread # 5
Thread #1 end of input stream, nextChar=-1
Completed: thread #2
Completed: thread #3
Completed: thread #4
Completed: thread #5
Completed: thread #0
Completed: thread #1
Joined thread # 1
Joined thread # 2
Joined thread # 3
Joined thread # 4
Joined thread # 5
ALL DONE!
