                                 Started job on |	Mar 27 14:50:53
                             Started mapping on |	Mar 27 14:50:54
                                    Finished on |	Mar 27 14:51:48
       Mapping speed, Million of reads per hour |	4.53

                          Number of input reads |	67954
                      Average input read length |	189
                                    UNIQUE READS:
                   Uniquely mapped reads number |	56795
                        Uniquely mapped reads % |	83.58%
                          Average mapped length |	187.70
                       Number of splices: Total |	14356
            Number of splices: Annotated (sjdb) |	0
                       Number of splices: GT/AG |	13781
                       Number of splices: GC/AG |	424
                       Number of splices: AT/AC |	25
               Number of splices: Non-canonical |	126
                      Mismatch rate per base, % |	0.24%
                         Deletion rate per base |	0.01%
                        Deletion average length |	1.49
                        Insertion rate per base |	0.01%
                       Insertion average length |	1.65
                             MULTI-MAPPING READS:
        Number of reads mapped to multiple loci |	1780
             % of reads mapped to multiple loci |	2.62%
        Number of reads mapped to too many loci |	2
             % of reads mapped to too many loci |	0.00%
                                  UNMAPPED READS:
  Number of reads unmapped: too many mismatches |	0
       % of reads unmapped: too many mismatches |	0.00%
            Number of reads unmapped: too short |	9368
                 % of reads unmapped: too short |	13.79%
                Number of reads unmapped: other |	9
                     % of reads unmapped: other |	0.01%
                                  CHIMERIC READS:
                       Number of chimeric reads |	0
                            % of chimeric reads |	0.00%
